  GLFW.cpp
D:\Projects\2022\GLFW\Glfw_01\src\GLFW\GLFW.cpp(1,10): warning C4067: unexpected tokens following preprocessor directive - expected a newline
D:\Projects\2022\GLFW\Glfw_01\src\GLFW\GLFW.h(2,10): warning C4067: unexpected tokens following preprocessor directive - expected a newline
D:\Projects\2022\GLFW\Glfw_01\src\Headers.h(20,10): warning C4067: unexpected tokens following preprocessor directive - expected a newline
D:\Projects\2022\GLFW\Glfw_01\src\Headers.h(21,10): warning C4067: unexpected tokens following preprocessor directive - expected a newline
D:\Projects\2022\GLFW\Glfw_01\src\Headers.h(22,10): warning C4067: unexpected tokens following preprocessor directive - expected a newline
D:\Projects\2022\GLFW\Glfw_01\src\Headers.h(23,10): warning C4067: unexpected tokens following preprocessor directive - expected a newline
  The contents of <filesystem> are available only with C++17 or later.
D:\Projects\2022\GLFW\Glfw_01\src\GLFW\GLFW.h(3,10): warning C4067: unexpected tokens following preprocessor directive - expected a newline
D:\Projects\2022\GLFW\Glfw_01\src\GLFW\Camera.h(2,10): warning C4067: unexpected tokens following preprocessor directive - expected a newline
D:\Projects\2022\GLFW\Glfw_01\src\Headers.h(20,10): warning C4067: unexpected tokens following preprocessor directive - expected a newline
D:\Projects\2022\GLFW\Glfw_01\src\Headers.h(21,10): warning C4067: unexpected tokens following preprocessor directive - expected a newline
D:\Projects\2022\GLFW\Glfw_01\src\Headers.h(22,10): warning C4067: unexpected tokens following preprocessor directive - expected a newline
D:\Projects\2022\GLFW\Glfw_01\src\Headers.h(23,10): warning C4067: unexpected tokens following preprocessor directive - expected a newline
D:\Projects\2022\GLFW\Glfw_01\src\GLFW\GLFW.h(4,10): warning C4067: unexpected tokens following preprocessor directive - expected a newline
D:\Projects\2022\GLFW\Glfw_01\src\GLFW\GLFW.h(5,10): warning C4067: unexpected tokens following preprocessor directive - expected a newline
D:\Projects\2022\GLFW\Glfw_01\src\GLFW\GLFW.cpp(260,20): warning C4244: 'initializing': conversion from 'double' to 'float', possible loss of data
D:\Projects\2022\GLFW\Glfw_01\src\GLFW\GLFW.cpp(276,25): warning C4244: 'initializing': conversion from 'double' to 'float', possible loss of data
D:\Projects\2022\GLFW\Glfw_01\src\GLFW\GLFW.cpp(298,24): warning C4244: '=': conversion from 'double' to 'float', possible loss of data
D:\Projects\2022\GLFW\Glfw_01\src\GLFW\GLFW.cpp(326,70): warning C4267: 'argument': conversion from 'size_t' to 'GLsizei', possible loss of data
  Glfw_01.vcxproj -> D:\Projects\2022\GLFW\Glfw_01\x64\Debug\Glfw_01.exe
